<?xml version="1.0" encoding="UTF-8"?>
<!-- Generated by org.testng.reporters.JUnitXMLReporter -->
<testsuite hostname="LT104209" name="AFL_Verify_Completed_Match-Run1" tests="1" failures="0" timestamp="30 Mar 2019 09:41:50 GMT" time="3135.347" errors="0">
  <testcase name="@AfterTest afterTest" time="0.0" classname="com.mop.qa.test.bvt.Test_AFL_Native_App">
    <failure type="java.lang.IllegalArgumentException" message="wrong number of arguments">
      <![CDATA[java.lang.IllegalArgumentException: wrong number of arguments
	at com.mop.qa.testrunner.TestRunner.main(TestRunner.java:167)
... Removed 19 stack frames]]>
    </failure>
  </testcase> <!-- @AfterTest afterTest -->
  <testcase name="AFL_Test_TeamStats" time="3118.689" classname="com.mop.qa.test.bvt.Test_AFL_Native_App"/>
</testsuite> <!-- AFL_Verify_Completed_Match-Run1 -->
